<?xml version="1.0" encoding="UTF-8"?>
<!-- Generated by org.testng.reporters.JUnitReportReporter -->
<testsuite hostname="Rajesh" failures="0" tests="1" name="prac.PrintTest" time="23.886" errors="0" timestamp="2023-09-06T17:52:07 IST" skipped="0">
  <testcase classname="prac.PrintTest" name="trialTest" time="23.886"/>
  <system-out/>
</testsuite> <!-- prac.PrintTest -->
